# JRE version: OpenJDK Runtime Environment (8.0_242-b01) (build 1.8.0_242-release-1644-b01)
# Java VM: OpenJDK 64-Bit Server VM (25.242-b01 mixed mode windows-amd64 compressed oops)
Heap:
 PSYoungGen      total 300032K, used 160884K [0x00000000e0000000, 0x00000000f5780000, 0x0000000100000000)
  eden space 272896K, 49% used [0x00000000e0000000,0x00000000e82f8770,0x00000000f0a80000)
  from space 27136K, 98% used [0x00000000f1480000,0x00000000f2ea4890,0x00000000f2f00000)
  to   space 39424K, 0% used [0x00000000f3100000,0x00000000f3100000,0x00000000f5780000)
 ParOldGen       total 206336K, used 54139K [0x00000000a0000000, 0x00000000ac980000, 0x00000000e0000000)
  object space 206336K, 26% used [0x00000000a0000000,0x00000000a34ded48,0x00000000ac980000)
 Metaspace       used 110587K, capacity 116342K, committed 117272K, reserved 1150976K
  class space    used 14149K, capacity 15233K, committed 15408K, reserved 1048576K
GC Heap History (10 events):
Event: 2258.274 GC heap before
{Heap before GC invocations=22 (full 4):
 PSYoungGen      total 327168K, used 327077K [0x00000000e0000000, 0x00000000f6a00000, 0x0000000100000000)
  eden space 305152K, 100% used [0x00000000e0000000,0x00000000f2a00000,0x00000000f2a00000)
  from space 22016K, 99% used [0x00000000f3580000,0x00000000f4ae9498,0x00000000f4b00000)
  to   space 31744K, 0% used [0x00000000f4b00000,0x00000000f4b00000,0x00000000f6a00000)
 ParOldGen       total 206336K, used 86660K [0x00000000a0000000, 0x00000000ac980000, 0x00000000e0000000)
  object space 206336K, 41% used [0x00000000a0000000,0x00000000a54a1010,0x00000000ac980000)
 Metaspace       used 104986K, capacity 110668K, committed 110872K, reserved 1144832K
  class space    used 13725K, capacity 14842K, committed 14896K, reserved 1048576K
Event: 2258.345 GC heap after
Heap after GC invocations=22 (full 4):
 PSYoungGen      total 325632K, used 31737K [0x00000000e0000000, 0x00000000f6a00000, 0x0000000100000000)
  eden space 293888K, 0% used [0x00000000e0000000,0x00000000e0000000,0x00000000f1f00000)
  from space 31744K, 99% used [0x00000000f4b00000,0x00000000f69fe750,0x00000000f6a00000)
  to   space 37888K, 0% used [0x00000000f2000000,0x00000000f2000000,0x00000000f4500000)
 ParOldGen       total 206336K, used 88976K [0x00000000a0000000, 0x00000000ac980000, 0x00000000e0000000)
  object space 206336K, 43% used [0x00000000a0000000,0x00000000a56e4340,0x00000000ac980000)
 Metaspace       used 104986K, capacity 110668K, committed 110872K, reserved 1144832K
  class space    used 13725K, capacity 14842K, committed 14896K, reserved 1048576K
}
Event: 3817.306 GC heap before
{Heap before GC invocations=23 (full 4):
 PSYoungGen      total 325632K, used 134104K [0x00000000e0000000, 0x00000000f6a00000, 0x0000000100000000)
  eden space 293888K, 34% used [0x00000000e0000000,0x00000000e63f7c08,0x00000000f1f00000)
  from space 31744K, 99% used [0x00000000f4b00000,0x00000000f69fe750,0x00000000f6a00000)
  to   space 37888K, 0% used [0x00000000f2000000,0x00000000f2000000,0x00000000f4500000)
 ParOldGen       total 206336K, used 88976K [0x00000000a0000000, 0x00000000ac980000, 0x00000000e0000000)
  object space 206336K, 43% used [0x00000000a0000000,0x00000000a56e4340,0x00000000ac980000)
 Metaspace       used 105558K, capacity 111520K, committed 111768K, reserved 1146880K
  class space    used 13786K, capacity 14948K, committed 15024K, reserved 1048576K
Event: 3817.364 GC heap after
Heap after GC invocations=23 (full 4):
 PSYoungGen      total 314880K, used 20643K [0x00000000e0000000, 0x00000000f6800000, 0x0000000100000000)
  eden space 293888K, 0% used [0x00000000e0000000,0x00000000e0000000,0x00000000f1f00000)
  from space 20992K, 98% used [0x00000000f2000000,0x00000000f3428c30,0x00000000f3480000)
  to   space 37376K, 0% used [0x00000000f4380000,0x00000000f4380000,0x00000000f6800000)
 ParOldGen       total 206336K, used 100734K [0x00000000a0000000, 0x00000000ac980000, 0x00000000e0000000)
  object space 206336K, 48% used [0x00000000a0000000,0x00000000a625fbd0,0x00000000ac980000)
 Metaspace       used 105558K, capacity 111520K, committed 111768K, reserved 1146880K
  class space    used 13786K, capacity 14948K, committed 15024K, reserved 1048576K
}
Event: 3817.364 GC heap before
{Heap before GC invocations=24 (full 5):
 PSYoungGen      total 314880K, used 20643K [0x00000000e0000000, 0x00000000f6800000, 0x0000000100000000)
  eden space 293888K, 0% used [0x00000000e0000000,0x00000000e0000000,0x00000000f1f00000)
  from space 20992K, 98% used [0x00000000f2000000,0x00000000f3428c30,0x00000000f3480000)
  to   space 37376K, 0% used [0x00000000f4380000,0x00000000f4380000,0x00000000f6800000)
 ParOldGen       total 206336K, used 100734K [0x00000000a0000000, 0x00000000ac980000, 0x00000000e0000000)
  object space 206336K, 48% used [0x00000000a0000000,0x00000000a625fbd0,0x00000000ac980000)
 Metaspace       used 105558K, capacity 111520K, committed 111768K, reserved 1146880K
  class space    used 13786K, capacity 14948K, committed 15024K, reserved 1048576K
Event: 3817.895 GC heap after
Heap after GC invocations=24 (full 5):
 PSYoungGen      total 314880K, used 0K [0x00000000e0000000, 0x00000000f6800000, 0x0000000100000000)
  eden space 293888K, 0% used [0x00000000e0000000,0x00000000e0000000,0x00000000f1f00000)
  from space 20992K, 0% used [0x00000000f2000000,0x00000000f2000000,0x00000000f3480000)
  to   space 37376K, 0% used [0x00000000f4380000,0x00000000f4380000,0x00000000f6800000)
 ParOldGen       total 206336K, used 54123K [0x00000000a0000000, 0x00000000ac980000, 0x00000000e0000000)
  object space 206336K, 26% used [0x00000000a0000000,0x00000000a34dad48,0x00000000ac980000)
 Metaspace       used 103542K, capacity 108240K, committed 111768K, reserved 1146880K
  class space    used 13432K, capacity 14343K, committed 15024K, reserved 1048576K
}
Event: 6591.217 GC heap before
{Heap before GC invocations=25 (full 5):
 PSYoungGen      total 314880K, used 293888K [0x00000000e0000000, 0x00000000f6800000, 0x0000000100000000)
  eden space 293888K, 100% used [0x00000000e0000000,0x00000000f1f00000,0x00000000f1f00000)
  from space 20992K, 0% used [0x00000000f2000000,0x00000000f2000000,0x00000000f3480000)
  to   space 37376K, 0% used [0x00000000f4380000,0x00000000f4380000,0x00000000f6800000)
 ParOldGen       total 206336K, used 54123K [0x00000000a0000000, 0x00000000ac980000, 0x00000000e0000000)
  object space 206336K, 26% used [0x00000000a0000000,0x00000000a34dad48,0x00000000ac980000)
 Metaspace       used 104654K, capacity 109950K, committed 112024K, reserved 1146880K
  class space    used 13557K, capacity 14579K, committed 15024K, reserved 1048576K
Event: 6591.273 GC heap after
Heap after GC invocations=25 (full 5):
 PSYoungGen      total 311808K, used 25043K [0x00000000e0000000, 0x00000000f5f80000, 0x0000000100000000)
  eden space 283136K, 0% used [0x00000000e0000000,0x00000000e0000000,0x00000000f1480000)
  from space 28672K, 87% used [0x00000000f4380000,0x00000000f5bf4c08,0x00000000f5f80000)
  to   space 38400K, 0% used [0x00000000f1480000,0x00000000f1480000,0x00000000f3a00000)
 ParOldGen       total 206336K, used 54131K [0x00000000a0000000, 0x00000000ac980000, 0x00000000e0000000)
  object space 206336K, 26% used [0x00000000a0000000,0x00000000a34dcd48,0x00000000ac980000)
 Metaspace       used 104654K, capacity 109950K, committed 112024K, reserved 1146880K
  class space    used 13557K, capacity 14579K, committed 15024K, reserved 1048576K
}
Event: 6602.313 GC heap before
{Heap before GC invocations=26 (full 5):
 PSYoungGen      total 311808K, used 308179K [0x00000000e0000000, 0x00000000f5f80000, 0x0000000100000000)
  eden space 283136K, 100% used [0x00000000e0000000,0x00000000f1480000,0x00000000f1480000)
  from space 28672K, 87% used [0x00000000f4380000,0x00000000f5bf4c08,0x00000000f5f80000)
  to   space 38400K, 0% used [0x00000000f1480000,0x00000000f1480000,0x00000000f3a00000)
 ParOldGen       total 206336K, used 54131K [0x00000000a0000000, 0x00000000ac980000, 0x00000000e0000000)
  object space 206336K, 26% used [0x00000000a0000000,0x00000000a34dcd48,0x00000000ac980000)
 Metaspace       used 109259K, capacity 114752K, committed 116248K, reserved 1150976K
  class space    used 14036K, capacity 15086K, committed 15408K, reserved 1048576K
Event: 6602.404 GC heap after
Heap after GC invocations=26 (full 5):
 PSYoungGen      total 300032K, used 26770K [0x00000000e0000000, 0x00000000f5780000, 0x0000000100000000)
  eden space 272896K, 0% used [0x00000000e0000000,0x00000000e0000000,0x00000000f0a80000)
  from space 27136K, 98% used [0x00000000f1480000,0x00000000f2ea4890,0x00000000f2f00000)
  to   space 39424K, 0% used [0x00000000f3100000,0x00000000f3100000,0x00000000f5780000)
 ParOldGen       total 206336K, used 54139K [0x00000000a0000000, 0x00000000ac980000, 0x00000000e0000000)
  object space 206336K, 26% used [0x00000000a0000000,0x00000000a34ded48,0x00000000ac980000)
 Metaspace       used 109259K, capacity 114752K, committed 116248K, reserved 1150976K
  class space    used 14036K, capacity 15086K, committed 15408K, reserved 1048576K
}

