# JRE version: OpenJDK Runtime Environment (8.0_242-b01) (build 1.8.0_242-release-1644-b01)
# Java VM: OpenJDK 64-Bit Server VM (25.242-b01 mixed mode windows-amd64 compressed oops)
Heap:
 PSYoungGen      total 1224192K, used 38444K [0x000000076ab00000, 0x00000007bee80000, 0x00000007c0000000)
  eden space 1094144K, 0% used [0x000000076ab00000,0x000000076ab00000,0x00000007ad780000)
  from space 130048K, 29% used [0x00000007b6f80000,0x00000007b950b1e0,0x00000007bee80000)
  to   space 142848K, 0% used [0x00000007ad780000,0x00000007ad780000,0x00000007b6300000)
 ParOldGen       total 306688K, used 229645K [0x00000006c0000000, 0x00000006d2b80000, 0x000000076ab00000)
  object space 306688K, 74% used [0x00000006c0000000,0x00000006ce0434e0,0x00000006d2b80000)
 Metaspace       used 130156K, capacity 137122K, committed 137256K, reserved 1169408K
  class space    used 16314K, capacity 17586K, committed 17712K, reserved 1048576K
GC Heap History (10 events):
Event: 1194.936 GC heap after
Heap after GC invocations=22 (full 6):
 PSYoungGen      total 1269760K, used 86141K [0x000000076ab00000, 0x00000007c0000000, 0x00000007c0000000)
  eden space 1162240K, 0% used [0x000000076ab00000,0x000000076ab00000,0x00000007b1a00000)
  from space 107520K, 80% used [0x00000007b9700000,0x00000007beb1f5a0,0x00000007c0000000)
  to   space 117760K, 0% used [0x00000007b1a00000,0x00000007b1a00000,0x00000007b8d00000)
 ParOldGen       total 306688K, used 132222K [0x00000006c0000000, 0x00000006d2b80000, 0x000000076ab00000)
  object space 306688K, 43% used [0x00000006c0000000,0x00000006c811f880,0x00000006d2b80000)
 Metaspace       used 129794K, capacity 136696K, committed 136872K, reserved 1169408K
  class space    used 16302K, capacity 17575K, committed 17584K, reserved 1048576K
}
Event: 1202.505 GC heap before
{Heap before GC invocations=23 (full 6):
 PSYoungGen      total 1269760K, used 1248381K [0x000000076ab00000, 0x00000007c0000000, 0x00000007c0000000)
  eden space 1162240K, 100% used [0x000000076ab00000,0x00000007b1a00000,0x00000007b1a00000)
  from space 107520K, 80% used [0x00000007b9700000,0x00000007beb1f5a0,0x00000007c0000000)
  to   space 117760K, 0% used [0x00000007b1a00000,0x00000007b1a00000,0x00000007b8d00000)
 ParOldGen       total 306688K, used 132926K [0x00000006c0000000, 0x00000006d2b80000, 0x000000076ab00000)
  object space 306688K, 43% used [0x00000006c0000000,0x00000006c81cfb00,0x00000006d2b80000)
 Metaspace       used 129956K, capacity 136860K, committed 136872K, reserved 1169408K
  class space    used 16304K, capacity 17577K, committed 17584K, reserved 1048576K
Event: 1202.692 GC heap after
Heap after GC invocations=23 (full 6):
 PSYoungGen      total 1258496K, used 96118K [0x000000076ab00000, 0x00000007c0000000, 0x00000007c0000000)
  eden space 1162240K, 0% used [0x000000076ab00000,0x000000076ab00000,0x00000007b1a00000)
  from space 96256K, 99% used [0x00000007b1a00000,0x00000007b77dd818,0x00000007b7800000)
  to   space 129536K, 0% used [0x00000007b8180000,0x00000007b8180000,0x00000007c0000000)
 ParOldGen       total 306688K, used 132934K [0x00000006c0000000, 0x00000006d2b80000, 0x000000076ab00000)
  object space 306688K, 43% used [0x00000006c0000000,0x00000006c81d1b00,0x00000006d2b80000)
 Metaspace       used 129956K, capacity 136860K, committed 136872K, reserved 1169408K
  class space    used 16304K, capacity 17577K, committed 17584K, reserved 1048576K
}
Event: 1210.173 GC heap before
{Heap before GC invocations=24 (full 6):
 PSYoungGen      total 1258496K, used 1258358K [0x000000076ab00000, 0x00000007c0000000, 0x00000007c0000000)
  eden space 1162240K, 100% used [0x000000076ab00000,0x00000007b1a00000,0x00000007b1a00000)
  from space 96256K, 99% used [0x00000007b1a00000,0x00000007b77dd818,0x00000007b7800000)
  to   space 129536K, 0% used [0x00000007b8180000,0x00000007b8180000,0x00000007c0000000)
 ParOldGen       total 306688K, used 132938K [0x00000006c0000000, 0x00000006d2b80000, 0x000000076ab00000)
  object space 306688K, 43% used [0x00000006c0000000,0x00000006c81d2b18,0x00000006d2b80000)
 Metaspace       used 130080K, capacity 137050K, committed 137128K, reserved 1169408K
  class space    used 16312K, capacity 17584K, committed 17584K, reserved 1048576K
Event: 1210.458 GC heap after
Heap after GC invocations=24 (full 6):
 PSYoungGen      total 1216000K, used 129518K [0x000000076ab00000, 0x00000007c0000000, 0x00000007c0000000)
  eden space 1086464K, 0% used [0x000000076ab00000,0x000000076ab00000,0x00000007ad000000)
  from space 129536K, 99% used [0x00000007b8180000,0x00000007bfffb830,0x00000007c0000000)
  to   space 155648K, 0% used [0x00000007ad000000,0x00000007ad000000,0x00000007b6800000)
 ParOldGen       total 306688K, used 145191K [0x00000006c0000000, 0x00000006d2b80000, 0x000000076ab00000)
  object space 306688K, 47% used [0x00000006c0000000,0x00000006c8dc9d48,0x00000006d2b80000)
 Metaspace       used 130080K, capacity 137050K, committed 137128K, reserved 1169408K
  class space    used 16312K, capacity 17584K, committed 17584K, reserved 1048576K
}
Event: 1216.274 GC heap before
{Heap before GC invocations=25 (full 6):
 PSYoungGen      total 1216000K, used 1215982K [0x000000076ab00000, 0x00000007c0000000, 0x00000007c0000000)
  eden space 1086464K, 100% used [0x000000076ab00000,0x00000007ad000000,0x00000007ad000000)
  from space 129536K, 99% used [0x00000007b8180000,0x00000007bfffb830,0x00000007c0000000)
  to   space 155648K, 0% used [0x00000007ad000000,0x00000007ad000000,0x00000007b6800000)
 ParOldGen       total 306688K, used 145191K [0x00000006c0000000, 0x00000006d2b80000, 0x000000076ab00000)
  object space 306688K, 47% used [0x00000006c0000000,0x00000006c8dc9d48,0x00000006d2b80000)
 Metaspace       used 130135K, capacity 137054K, committed 137128K, reserved 1169408K
  class space    used 16312K, capacity 17584K, committed 17584K, reserved 1048576K
Event: 1216.442 GC heap after
Heap after GC invocations=25 (full 6):
 PSYoungGen      total 1242112K, used 65022K [0x000000076ab00000, 0x00000007c0000000, 0x00000007c0000000)
  eden space 1086464K, 0% used [0x000000076ab00000,0x000000076ab00000,0x00000007ad000000)
  from space 155648K, 41% used [0x00000007ad000000,0x00000007b0f7f818,0x00000007b6800000)
  to   space 147968K, 0% used [0x00000007b6f80000,0x00000007b6f80000,0x00000007c0000000)
 ParOldGen       total 306688K, used 188506K [0x00000006c0000000, 0x00000006d2b80000, 0x000000076ab00000)
  object space 306688K, 61% used [0x00000006c0000000,0x00000006cb8169a8,0x00000006d2b80000)
 Metaspace       used 130135K, capacity 137054K, committed 137128K, reserved 1169408K
  class space    used 16312K, capacity 17584K, committed 17584K, reserved 1048576K
}
Event: 1221.665 GC heap before
{Heap before GC invocations=26 (full 6):
 PSYoungGen      total 1242112K, used 1151486K [0x000000076ab00000, 0x00000007c0000000, 0x00000007c0000000)
  eden space 1086464K, 100% used [0x000000076ab00000,0x00000007ad000000,0x00000007ad000000)
  from space 155648K, 41% used [0x00000007ad000000,0x00000007b0f7f818,0x00000007b6800000)
  to   space 147968K, 0% used [0x00000007b6f80000,0x00000007b6f80000,0x00000007c0000000)
 ParOldGen       total 306688K, used 188506K [0x00000006c0000000, 0x00000006d2b80000, 0x000000076ab00000)
  object space 306688K, 61% used [0x00000006c0000000,0x00000006cb8169a8,0x00000006d2b80000)
 Metaspace       used 130156K, capacity 137122K, committed 137256K, reserved 1169408K
  class space    used 16314K, capacity 17586K, committed 17712K, reserved 1048576K
Event: 1221.801 GC heap after
Heap after GC invocations=26 (full 6):
 PSYoungGen      total 1224192K, used 38444K [0x000000076ab00000, 0x00000007bee80000, 0x00000007c0000000)
  eden space 1094144K, 0% used [0x000000076ab00000,0x000000076ab00000,0x00000007ad780000)
  from space 130048K, 29% used [0x00000007b6f80000,0x00000007b950b1e0,0x00000007bee80000)
  to   space 142848K, 0% used [0x00000007ad780000,0x00000007ad780000,0x00000007b6300000)
 ParOldGen       total 306688K, used 229645K [0x00000006c0000000, 0x00000006d2b80000, 0x000000076ab00000)
  object space 306688K, 74% used [0x00000006c0000000,0x00000006ce0434e0,0x00000006d2b80000)
 Metaspace       used 130156K, capacity 137122K, committed 137256K, reserved 1169408K
  class space    used 16314K, capacity 17586K, committed 17712K, reserved 1048576K
}
Event: 1221.802 GC heap before
{Heap before GC invocations=27 (full 7):
 PSYoungGen      total 1224192K, used 38444K [0x000000076ab00000, 0x00000007bee80000, 0x00000007c0000000)
  eden space 1094144K, 0% used [0x000000076ab00000,0x000000076ab00000,0x00000007ad780000)
  from space 130048K, 29% used [0x00000007b6f80000,0x00000007b950b1e0,0x00000007bee80000)
  to   space 142848K, 0% used [0x00000007ad780000,0x00000007ad780000,0x00000007b6300000)
 ParOldGen       total 306688K, used 229645K [0x00000006c0000000, 0x00000006d2b80000, 0x000000076ab00000)
  object space 306688K, 74% used [0x00000006c0000000,0x00000006ce0434e0,0x00000006d2b80000)
 Metaspace       used 130156K, capacity 137122K, committed 137256K, reserved 1169408K
  class space    used 16314K, capacity 17586K, committed 17712K, reserved 1048576K

