# JRE version: OpenJDK Runtime Environment (8.0_242-b01) (build 1.8.0_242-release-1644-b01)
# Java VM: OpenJDK 64-Bit Server VM (25.242-b01 mixed mode windows-amd64 compressed oops)
Heap:
 PSYoungGen      total 1233408K, used 155349K [0x000000076ab00000, 0x00000007ba280000, 0x00000007c0000000)
  eden space 1172992K, 10% used [0x000000076ab00000,0x0000000772078f28,0x00000007b2480000)
  from space 60416K, 58% used [0x00000007b6780000,0x00000007b89bc578,0x00000007ba280000)
  to   space 64512K, 0% used [0x00000007b2480000,0x00000007b2480000,0x00000007b6380000)
 ParOldGen       total 255488K, used 210469K [0x00000006c0000000, 0x00000006cf980000, 0x000000076ab00000)
  object space 255488K, 82% used [0x00000006c0000000,0x00000006ccd89620,0x00000006cf980000)
 Metaspace       used 111438K, capacity 117338K, committed 117672K, reserved 1150976K
  class space    used 14481K, capacity 15620K, committed 15792K, reserved 1048576K
GC Heap History (10 events):
Event: 268.054 GC heap before
{Heap before GC invocations=27 (full 5):
 PSYoungGen      total 698368K, used 643557K [0x000000076ab00000, 0x00000007a3d00000, 0x00000007c0000000)
  eden space 643072K, 100% used [0x000000076ab00000,0x0000000791f00000,0x0000000791f00000)
  from space 55296K, 0% used [0x0000000791f00000,0x0000000791f795e8,0x0000000795500000)
  to   space 69632K, 0% used [0x000000079f900000,0x000000079f900000,0x00000007a3d00000)
 ParOldGen       total 255488K, used 155243K [0x00000006c0000000, 0x00000006cf980000, 0x000000076ab00000)
  object space 255488K, 60% used [0x00000006c0000000,0x00000006c979af30,0x00000006cf980000)
 Metaspace       used 110762K, capacity 116554K, committed 117160K, reserved 1150976K
  class space    used 14432K, capacity 15550K, committed 15792K, reserved 1048576K
Event: 268.182 GC heap after
Heap after GC invocations=27 (full 5):
 PSYoungGen      total 864256K, used 18498K [0x000000076ab00000, 0x00000007a3980000, 0x00000007c0000000)
  eden space 798208K, 0% used [0x000000076ab00000,0x000000076ab00000,0x000000079b680000)
  from space 66048K, 28% used [0x000000079f900000,0x00000007a0b10878,0x00000007a3980000)
  to   space 67072K, 0% used [0x000000079b680000,0x000000079b680000,0x000000079f800000)
 ParOldGen       total 255488K, used 155770K [0x00000006c0000000, 0x00000006cf980000, 0x000000076ab00000)
  object space 255488K, 60% used [0x00000006c0000000,0x00000006c981eaf8,0x00000006cf980000)
 Metaspace       used 110762K, capacity 116554K, committed 117160K, reserved 1150976K
  class space    used 14432K, capacity 15550K, committed 15792K, reserved 1048576K
}
Event: 274.284 GC heap before
{Heap before GC invocations=28 (full 5):
 PSYoungGen      total 864256K, used 816706K [0x000000076ab00000, 0x00000007a3980000, 0x00000007c0000000)
  eden space 798208K, 100% used [0x000000076ab00000,0x000000079b680000,0x000000079b680000)
  from space 66048K, 28% used [0x000000079f900000,0x00000007a0b10878,0x00000007a3980000)
  to   space 67072K, 0% used [0x000000079b680000,0x000000079b680000,0x000000079f800000)
 ParOldGen       total 255488K, used 155770K [0x00000006c0000000, 0x00000006cf980000, 0x000000076ab00000)
  object space 255488K, 60% used [0x00000006c0000000,0x00000006c981eaf8,0x00000006cf980000)
 Metaspace       used 111033K, capacity 116800K, committed 117416K, reserved 1150976K
  class space    used 14433K, capacity 15551K, committed 15792K, reserved 1048576K
Event: 274.412 GC heap after
Heap after GC invocations=28 (full 5):
 PSYoungGen      total 865280K, used 21377K [0x000000076ab00000, 0x00000007af000000, 0x00000007c0000000)
  eden space 798208K, 0% used [0x000000076ab00000,0x000000076ab00000,0x000000079b680000)
  from space 67072K, 31% used [0x000000079b680000,0x000000079cb60528,0x000000079f800000)
  to   space 64512K, 0% used [0x00000007ab100000,0x00000007ab100000,0x00000007af000000)
 ParOldGen       total 255488K, used 165816K [0x00000006c0000000, 0x00000006cf980000, 0x000000076ab00000)
  object space 255488K, 64% used [0x00000006c0000000,0x00000006ca1ee038,0x00000006cf980000)
 Metaspace       used 111033K, capacity 116800K, committed 117416K, reserved 1150976K
  class space    used 14433K, capacity 15551K, committed 15792K, reserved 1048576K
}
Event: 281.535 GC heap before
{Heap before GC invocations=29 (full 5):
 PSYoungGen      total 865280K, used 819585K [0x000000076ab00000, 0x00000007af000000, 0x00000007c0000000)
  eden space 798208K, 100% used [0x000000076ab00000,0x000000079b680000,0x000000079b680000)
  from space 67072K, 31% used [0x000000079b680000,0x000000079cb60528,0x000000079f800000)
  to   space 64512K, 0% used [0x00000007ab100000,0x00000007ab100000,0x00000007af000000)
 ParOldGen       total 255488K, used 165816K [0x00000006c0000000, 0x00000006cf980000, 0x000000076ab00000)
  object space 255488K, 64% used [0x00000006c0000000,0x00000006ca1ee038,0x00000006cf980000)
 Metaspace       used 111091K, capacity 116892K, committed 117416K, reserved 1150976K
  class space    used 14435K, capacity 15555K, committed 15792K, reserved 1048576K
Event: 281.711 GC heap after
Heap after GC invocations=29 (full 5):
 PSYoungGen      total 1055232K, used 17447K [0x000000076ab00000, 0x00000007aee00000, 0x00000007c0000000)
  eden space 992768K, 0% used [0x000000076ab00000,0x000000076ab00000,0x00000007a7480000)
  from space 62464K, 27% used [0x00000007ab100000,0x00000007ac209fe8,0x00000007aee00000)
  to   space 61952K, 0% used [0x00000007a7480000,0x00000007a7480000,0x00000007ab100000)
 ParOldGen       total 255488K, used 174464K [0x00000006c0000000, 0x00000006cf980000, 0x000000076ab00000)
  object space 255488K, 68% used [0x00000006c0000000,0x00000006caa60268,0x00000006cf980000)
 Metaspace       used 111091K, capacity 116892K, committed 117416K, reserved 1150976K
  class space    used 14435K, capacity 15555K, committed 15792K, reserved 1048576K
}
Event: 289.079 GC heap before
{Heap before GC invocations=30 (full 5):
 PSYoungGen      total 1055232K, used 1010215K [0x000000076ab00000, 0x00000007aee00000, 0x00000007c0000000)
  eden space 992768K, 100% used [0x000000076ab00000,0x00000007a7480000,0x00000007a7480000)
  from space 62464K, 27% used [0x00000007ab100000,0x00000007ac209fe8,0x00000007aee00000)
  to   space 61952K, 0% used [0x00000007a7480000,0x00000007a7480000,0x00000007ab100000)
 ParOldGen       total 255488K, used 174464K [0x00000006c0000000, 0x00000006cf980000, 0x000000076ab00000)
  object space 255488K, 68% used [0x00000006c0000000,0x00000006caa60268,0x00000006cf980000)
 Metaspace       used 111128K, capacity 116974K, committed 117672K, reserved 1150976K
  class space    used 14436K, capacity 15556K, committed 15792K, reserved 1048576K
Event: 289.256 GC heap after
Heap after GC invocations=30 (full 5):
 PSYoungGen      total 1054720K, used 44937K [0x000000076ab00000, 0x00000007ba780000, 0x00000007c0000000)
  eden space 992768K, 0% used [0x000000076ab00000,0x000000076ab00000,0x00000007a7480000)
  from space 61952K, 72% used [0x00000007a7480000,0x00000007aa062690,0x00000007ab100000)
  to   space 65536K, 0% used [0x00000007b6780000,0x00000007b6780000,0x00000007ba780000)
 ParOldGen       total 255488K, used 184133K [0x00000006c0000000, 0x00000006cf980000, 0x000000076ab00000)
  object space 255488K, 72% used [0x00000006c0000000,0x00000006cb3d15d0,0x00000006cf980000)
 Metaspace       used 111128K, capacity 116974K, committed 117672K, reserved 1150976K
  class space    used 14436K, capacity 15556K, committed 15792K, reserved 1048576K
}
Event: 296.585 GC heap before
{Heap before GC invocations=31 (full 5):
 PSYoungGen      total 1054720K, used 1037705K [0x000000076ab00000, 0x00000007ba780000, 0x00000007c0000000)
  eden space 992768K, 100% used [0x000000076ab00000,0x00000007a7480000,0x00000007a7480000)
  from space 61952K, 72% used [0x00000007a7480000,0x00000007aa062690,0x00000007ab100000)
  to   space 65536K, 0% used [0x00000007b6780000,0x00000007b6780000,0x00000007ba780000)
 ParOldGen       total 255488K, used 184133K [0x00000006c0000000, 0x00000006cf980000, 0x000000076ab00000)
  object space 255488K, 72% used [0x00000006c0000000,0x00000006cb3d15d0,0x00000006cf980000)
 Metaspace       used 111436K, capacity 117338K, committed 117672K, reserved 1150976K
  class space    used 14481K, capacity 15620K, committed 15792K, reserved 1048576K
Event: 296.722 GC heap after
Heap after GC invocations=31 (full 5):
 PSYoungGen      total 1233408K, used 35057K [0x000000076ab00000, 0x00000007ba280000, 0x00000007c0000000)
  eden space 1172992K, 0% used [0x000000076ab00000,0x000000076ab00000,0x00000007b2480000)
  from space 60416K, 58% used [0x00000007b6780000,0x00000007b89bc578,0x00000007ba280000)
  to   space 64512K, 0% used [0x00000007b2480000,0x00000007b2480000,0x00000007b6380000)
 ParOldGen       total 255488K, used 210469K [0x00000006c0000000, 0x00000006cf980000, 0x000000076ab00000)
  object space 255488K, 82% used [0x00000006c0000000,0x00000006ccd89620,0x00000006cf980000)
 Metaspace       used 111436K, capacity 117338K, committed 117672K, reserved 1150976K
  class space    used 14481K, capacity 15620K, committed 15792K, reserved 1048576K
}

