# JRE version: OpenJDK Runtime Environment (8.0_242-b01) (build 1.8.0_242-release-1644-b01)
# Java VM: OpenJDK 64-Bit Server VM (25.242-b01 mixed mode windows-amd64 compressed oops)
Heap:
 PSYoungGen      total 588288K, used 37361K [0x000000076ab00000, 0x000000079c880000, 0x00000007c0000000)
  eden space 550912K, 0% used [0x000000076ab00000,0x000000076ab00000,0x000000078c500000)
  from space 37376K, 99% used [0x000000078c500000,0x000000078e97c5a8,0x000000078e980000)
  to   space 52736K, 0% used [0x0000000799500000,0x0000000799500000,0x000000079c880000)
 ParOldGen       total 110080K, used 81587K [0x00000006c0000000, 0x00000006c6b80000, 0x000000076ab00000)
  object space 110080K, 74% used [0x00000006c0000000,0x00000006c4facdf0,0x00000006c6b80000)
 Metaspace       used 94188K, capacity 98542K, committed 98600K, reserved 1134592K
  class space    used 12538K, capacity 13463K, committed 13488K, reserved 1048576K
GC Heap History (10 events):
Event: 69.177 GC heap after
Heap after GC invocations=10 (full 2):
 PSYoungGen      total 432128K, used 15336K [0x000000076ab00000, 0x0000000787580000, 0x00000007c0000000)
  eden space 416768K, 0% used [0x000000076ab00000,0x000000076ab00000,0x0000000784200000)
  from space 15360K, 99% used [0x0000000785600000,0x00000007864fa2b8,0x0000000786500000)
  to   space 20480K, 0% used [0x0000000784200000,0x0000000784200000,0x0000000785600000)
 ParOldGen       total 71680K, used 20176K [0x00000006c0000000, 0x00000006c4600000, 0x000000076ab00000)
  object space 71680K, 28% used [0x00000006c0000000,0x00000006c13b4080,0x00000006c4600000)
 Metaspace       used 48033K, capacity 49734K, committed 49960K, reserved 1091584K
  class space    used 6721K, capacity 7123K, committed 7216K, reserved 1048576K
}
Event: 103.987 GC heap before
{Heap before GC invocations=11 (full 2):
 PSYoungGen      total 432128K, used 162218K [0x000000076ab00000, 0x0000000787580000, 0x00000007c0000000)
  eden space 416768K, 35% used [0x000000076ab00000,0x0000000773a707b0,0x0000000784200000)
  from space 15360K, 99% used [0x0000000785600000,0x00000007864fa2b8,0x0000000786500000)
  to   space 20480K, 0% used [0x0000000784200000,0x0000000784200000,0x0000000785600000)
 ParOldGen       total 71680K, used 20176K [0x00000006c0000000, 0x00000006c4600000, 0x000000076ab00000)
  object space 71680K, 28% used [0x00000006c0000000,0x00000006c13b4080,0x00000006c4600000)
 Metaspace       used 56790K, capacity 59022K, committed 59160K, reserved 1099776K
  class space    used 7770K, capacity 8275K, committed 8368K, reserved 1048576K
Event: 104.080 GC heap after
Heap after GC invocations=11 (full 2):
 PSYoungGen      total 437248K, used 20468K [0x000000076ab00000, 0x0000000790500000, 0x00000007c0000000)
  eden space 416768K, 0% used [0x000000076ab00000,0x000000076ab00000,0x0000000784200000)
  from space 20480K, 99% used [0x0000000784200000,0x00000007855fd3a8,0x0000000785600000)
  to   space 26112K, 0% used [0x000000078eb80000,0x000000078eb80000,0x0000000790500000)
 ParOldGen       total 71680K, used 25318K [0x00000006c0000000, 0x00000006c4600000, 0x000000076ab00000)
  object space 71680K, 35% used [0x00000006c0000000,0x00000006c18b9970,0x00000006c4600000)
 Metaspace       used 56790K, capacity 59022K, committed 59160K, reserved 1099776K
  class space    used 7770K, capacity 8275K, committed 8368K, reserved 1048576K
}
Event: 104.080 GC heap before
{Heap before GC invocations=12 (full 3):
 PSYoungGen      total 437248K, used 20468K [0x000000076ab00000, 0x0000000790500000, 0x00000007c0000000)
  eden space 416768K, 0% used [0x000000076ab00000,0x000000076ab00000,0x0000000784200000)
  from space 20480K, 99% used [0x0000000784200000,0x00000007855fd3a8,0x0000000785600000)
  to   space 26112K, 0% used [0x000000078eb80000,0x000000078eb80000,0x0000000790500000)
 ParOldGen       total 71680K, used 25318K [0x00000006c0000000, 0x00000006c4600000, 0x000000076ab00000)
  object space 71680K, 35% used [0x00000006c0000000,0x00000006c18b9970,0x00000006c4600000)
 Metaspace       used 56790K, capacity 59022K, committed 59160K, reserved 1099776K
  class space    used 7770K, capacity 8275K, committed 8368K, reserved 1048576K
Event: 104.514 GC heap after
Heap after GC invocations=12 (full 3):
 PSYoungGen      total 437248K, used 0K [0x000000076ab00000, 0x0000000790500000, 0x00000007c0000000)
  eden space 416768K, 0% used [0x000000076ab00000,0x000000076ab00000,0x0000000784200000)
  from space 20480K, 0% used [0x0000000784200000,0x0000000784200000,0x0000000785600000)
  to   space 26112K, 0% used [0x000000078eb80000,0x000000078eb80000,0x0000000790500000)
 ParOldGen       total 110080K, used 36803K [0x00000006c0000000, 0x00000006c6b80000, 0x000000076ab00000)
  object space 110080K, 33% used [0x00000006c0000000,0x00000006c23f0d58,0x00000006c6b80000)
 Metaspace       used 56777K, capacity 58980K, committed 59160K, reserved 1099776K
  class space    used 7766K, capacity 8268K, committed 8368K, reserved 1048576K
}
Event: 150.395 GC heap before
{Heap before GC invocations=13 (full 3):
 PSYoungGen      total 437248K, used 416768K [0x000000076ab00000, 0x0000000790500000, 0x00000007c0000000)
  eden space 416768K, 100% used [0x000000076ab00000,0x0000000784200000,0x0000000784200000)
  from space 20480K, 0% used [0x0000000784200000,0x0000000784200000,0x0000000785600000)
  to   space 26112K, 0% used [0x000000078eb80000,0x000000078eb80000,0x0000000790500000)
 ParOldGen       total 110080K, used 36803K [0x00000006c0000000, 0x00000006c6b80000, 0x000000076ab00000)
  object space 110080K, 33% used [0x00000006c0000000,0x00000006c23f0d58,0x00000006c6b80000)
 Metaspace       used 74971K, capacity 78124K, committed 78376K, reserved 1116160K
  class space    used 10155K, capacity 10798K, committed 10800K, reserved 1048576K
Event: 150.473 GC heap after
Heap after GC invocations=13 (full 3):
 PSYoungGen      total 577024K, used 26080K [0x000000076ab00000, 0x0000000790e00000, 0x00000007c0000000)
  eden space 550912K, 0% used [0x000000076ab00000,0x000000076ab00000,0x000000078c500000)
  from space 26112K, 99% used [0x000000078eb80000,0x00000007904f8020,0x0000000790500000)
  to   space 37376K, 0% used [0x000000078c500000,0x000000078c500000,0x000000078e980000)
 ParOldGen       total 110080K, used 56459K [0x00000006c0000000, 0x00000006c6b80000, 0x000000076ab00000)
  object space 110080K, 51% used [0x00000006c0000000,0x00000006c3722f68,0x00000006c6b80000)
 Metaspace       used 74971K, capacity 78124K, committed 78376K, reserved 1116160K
  class space    used 10155K, capacity 10798K, committed 10800K, reserved 1048576K
}
Event: 253.397 GC heap before
{Heap before GC invocations=14 (full 3):
 PSYoungGen      total 577024K, used 545425K [0x000000076ab00000, 0x0000000790e00000, 0x00000007c0000000)
  eden space 550912K, 94% used [0x000000076ab00000,0x000000078a62c618,0x000000078c500000)
  from space 26112K, 99% used [0x000000078eb80000,0x00000007904f8020,0x0000000790500000)
  to   space 37376K, 0% used [0x000000078c500000,0x000000078c500000,0x000000078e980000)
 ParOldGen       total 110080K, used 56459K [0x00000006c0000000, 0x00000006c6b80000, 0x000000076ab00000)
  object space 110080K, 51% used [0x00000006c0000000,0x00000006c3722f68,0x00000006c6b80000)
 Metaspace       used 94188K, capacity 98542K, committed 98600K, reserved 1134592K
  class space    used 12538K, capacity 13463K, committed 13488K, reserved 1048576K
Event: 253.603 GC heap after
Heap after GC invocations=14 (full 3):
 PSYoungGen      total 588288K, used 37361K [0x000000076ab00000, 0x000000079c880000, 0x00000007c0000000)
  eden space 550912K, 0% used [0x000000076ab00000,0x000000076ab00000,0x000000078c500000)
  from space 37376K, 99% used [0x000000078c500000,0x000000078e97c5a8,0x000000078e980000)
  to   space 52736K, 0% used [0x0000000799500000,0x0000000799500000,0x000000079c880000)
 ParOldGen       total 110080K, used 81587K [0x00000006c0000000, 0x00000006c6b80000, 0x000000076ab00000)
  object space 110080K, 74% used [0x00000006c0000000,0x00000006c4facdf0,0x00000006c6b80000)
 Metaspace       used 94188K, capacity 98542K, committed 98600K, reserved 1134592K
  class space    used 12538K, capacity 13463K, committed 13488K, reserved 1048576K
}
Event: 253.603 GC heap before
{Heap before GC invocations=15 (full 4):
 PSYoungGen      total 588288K, used 37361K [0x000000076ab00000, 0x000000079c880000, 0x00000007c0000000)
  eden space 550912K, 0% used [0x000000076ab00000,0x000000076ab00000,0x000000078c500000)
  from space 37376K, 99% used [0x000000078c500000,0x000000078e97c5a8,0x000000078e980000)
  to   space 52736K, 0% used [0x0000000799500000,0x0000000799500000,0x000000079c880000)
 ParOldGen       total 110080K, used 81587K [0x00000006c0000000, 0x00000006c6b80000, 0x000000076ab00000)
  object space 110080K, 74% used [0x00000006c0000000,0x00000006c4facdf0,0x00000006c6b80000)
 Metaspace       used 94188K, capacity 98542K, committed 98600K, reserved 1134592K
  class space    used 12538K, capacity 13463K, committed 13488K, reserved 1048576K

