# JRE version: OpenJDK Runtime Environment (8.0_242-b01) (build 1.8.0_242-release-1644-b01)
# Java VM: OpenJDK 64-Bit Server VM (25.242-b01 mixed mode windows-amd64 compressed oops)
Heap:
 PSYoungGen      total 646656K, used 57013K [0x000000076ab00000, 0x0000000794f80000, 0x00000007c0000000)
  eden space 621056K, 5% used [0x000000076ab00000,0x000000076c9b42e8,0x0000000790980000)
  from space 25600K, 99% used [0x0000000792f80000,0x0000000794879370,0x0000000794880000)
  to   space 35840K, 0% used [0x0000000790980000,0x0000000790980000,0x0000000792c80000)
 ParOldGen       total 98304K, used 53581K [0x00000006c0000000, 0x00000006c6000000, 0x000000076ab00000)
  object space 98304K, 54% used [0x00000006c0000000,0x00000006c3453448,0x00000006c6000000)
 Metaspace       used 82519K, capacity 86140K, committed 86312K, reserved 1124352K
  class space    used 11208K, capacity 11987K, committed 12072K, reserved 1048576K
GC Heap History (10 events):
Event: 18.862 GC heap before
{Heap before GC invocations=9 (full 2):
 PSYoungGen      total 276480K, used 9715K [0x000000076ab00000, 0x0000000788180000, 0x00000007c0000000)
  eden space 260096K, 0% used [0x000000076ab00000,0x000000076ab00000,0x000000077a900000)
  from space 16384K, 59% used [0x000000077a900000,0x000000077b27ce00,0x000000077b900000)
  to   space 15872K, 0% used [0x0000000787200000,0x0000000787200000,0x0000000788180000)
 ParOldGen       total 56320K, used 11160K [0x00000006c0000000, 0x00000006c3700000, 0x000000076ab00000)
  object space 56320K, 19% used [0x00000006c0000000,0x00000006c0ae6388,0x00000006c3700000)
 Metaspace       used 34404K, capacity 35394K, committed 35496K, reserved 1079296K
  class space    used 4676K, capacity 4945K, committed 5032K, reserved 1048576K
Event: 19.008 GC heap after
Heap after GC invocations=9 (full 2):
 PSYoungGen      total 276480K, used 0K [0x000000076ab00000, 0x0000000788180000, 0x00000007c0000000)
  eden space 260096K, 0% used [0x000000076ab00000,0x000000076ab00000,0x000000077a900000)
  from space 16384K, 0% used [0x000000077a900000,0x000000077a900000,0x000000077b900000)
  to   space 15872K, 0% used [0x0000000787200000,0x0000000787200000,0x0000000788180000)
 ParOldGen       total 69120K, used 16766K [0x00000006c0000000, 0x00000006c4380000, 0x000000076ab00000)
  object space 69120K, 24% used [0x00000006c0000000,0x00000006c105fa88,0x00000006c4380000)
 Metaspace       used 34404K, capacity 35394K, committed 35496K, reserved 1079296K
  class space    used 4676K, capacity 4945K, committed 5032K, reserved 1048576K
}
Event: 36.447 GC heap before
{Heap before GC invocations=10 (full 2):
 PSYoungGen      total 276480K, used 260096K [0x000000076ab00000, 0x0000000788180000, 0x00000007c0000000)
  eden space 260096K, 100% used [0x000000076ab00000,0x000000077a900000,0x000000077a900000)
  from space 16384K, 0% used [0x000000077a900000,0x000000077a900000,0x000000077b900000)
  to   space 15872K, 0% used [0x0000000787200000,0x0000000787200000,0x0000000788180000)
 ParOldGen       total 69120K, used 16766K [0x00000006c0000000, 0x00000006c4380000, 0x000000076ab00000)
  object space 69120K, 24% used [0x00000006c0000000,0x00000006c105fa88,0x00000006c4380000)
 Metaspace       used 48672K, capacity 50488K, committed 50728K, reserved 1093632K
  class space    used 6783K, capacity 7187K, committed 7208K, reserved 1048576K
Event: 36.506 GC heap after
Heap after GC invocations=10 (full 2):
 PSYoungGen      total 460800K, used 15842K [0x000000076ab00000, 0x0000000789300000, 0x00000007c0000000)
  eden space 444928K, 0% used [0x000000076ab00000,0x000000076ab00000,0x0000000785d80000)
  from space 15872K, 99% used [0x0000000787200000,0x00000007881789d8,0x0000000788180000)
  to   space 20992K, 0% used [0x0000000785d80000,0x0000000785d80000,0x0000000787200000)
 ParOldGen       total 69120K, used 23279K [0x00000006c0000000, 0x00000006c4380000, 0x000000076ab00000)
  object space 69120K, 33% used [0x00000006c0000000,0x00000006c16bbc80,0x00000006c4380000)
 Metaspace       used 48672K, capacity 50488K, committed 50728K, reserved 1093632K
  class space    used 6783K, capacity 7187K, committed 7208K, reserved 1048576K
}
Event: 62.324 GC heap before
{Heap before GC invocations=11 (full 2):
 PSYoungGen      total 460800K, used 151774K [0x000000076ab00000, 0x0000000789300000, 0x00000007c0000000)
  eden space 444928K, 30% used [0x000000076ab00000,0x0000000772fbef90,0x0000000785d80000)
  from space 15872K, 99% used [0x0000000787200000,0x00000007881789d8,0x0000000788180000)
  to   space 20992K, 0% used [0x0000000785d80000,0x0000000785d80000,0x0000000787200000)
 ParOldGen       total 69120K, used 23279K [0x00000006c0000000, 0x00000006c4380000, 0x000000076ab00000)
  object space 69120K, 33% used [0x00000006c0000000,0x00000006c16bbc80,0x00000006c4380000)
 Metaspace       used 56692K, capacity 59082K, committed 59160K, reserved 1099776K
  class space    used 7826K, capacity 8320K, committed 8360K, reserved 1048576K
Event: 62.382 GC heap after
Heap after GC invocations=11 (full 2):
 PSYoungGen      total 465920K, used 20981K [0x000000076ab00000, 0x0000000794880000, 0x00000007c0000000)
  eden space 444928K, 0% used [0x000000076ab00000,0x000000076ab00000,0x0000000785d80000)
  from space 20992K, 99% used [0x0000000785d80000,0x00000007871fd568,0x0000000787200000)
  to   space 25600K, 0% used [0x0000000792f80000,0x0000000792f80000,0x0000000794880000)
 ParOldGen       total 69120K, used 26163K [0x00000006c0000000, 0x00000006c4380000, 0x000000076ab00000)
  object space 69120K, 37% used [0x00000006c0000000,0x00000006c198cc98,0x00000006c4380000)
 Metaspace       used 56692K, capacity 59082K, committed 59160K, reserved 1099776K
  class space    used 7826K, capacity 8320K, committed 8360K, reserved 1048576K
}
Event: 62.382 GC heap before
{Heap before GC invocations=12 (full 3):
 PSYoungGen      total 465920K, used 20981K [0x000000076ab00000, 0x0000000794880000, 0x00000007c0000000)
  eden space 444928K, 0% used [0x000000076ab00000,0x000000076ab00000,0x0000000785d80000)
  from space 20992K, 99% used [0x0000000785d80000,0x00000007871fd568,0x0000000787200000)
  to   space 25600K, 0% used [0x0000000792f80000,0x0000000792f80000,0x0000000794880000)
 ParOldGen       total 69120K, used 26163K [0x00000006c0000000, 0x00000006c4380000, 0x000000076ab00000)
  object space 69120K, 37% used [0x00000006c0000000,0x00000006c198cc98,0x00000006c4380000)
 Metaspace       used 56692K, capacity 59082K, committed 59160K, reserved 1099776K
  class space    used 7826K, capacity 8320K, committed 8360K, reserved 1048576K
Event: 62.891 GC heap after
Heap after GC invocations=12 (full 3):
 PSYoungGen      total 465920K, used 0K [0x000000076ab00000, 0x0000000794880000, 0x00000007c0000000)
  eden space 444928K, 0% used [0x000000076ab00000,0x000000076ab00000,0x0000000785d80000)
  from space 20992K, 0% used [0x0000000785d80000,0x0000000785d80000,0x0000000787200000)
  to   space 25600K, 0% used [0x0000000792f80000,0x0000000792f80000,0x0000000794880000)
 ParOldGen       total 98304K, used 36898K [0x00000006c0000000, 0x00000006c6000000, 0x000000076ab00000)
  object space 98304K, 37% used [0x00000006c0000000,0x00000006c24089e0,0x00000006c6000000)
 Metaspace       used 56630K, capacity 58896K, committed 59160K, reserved 1099776K
  class space    used 7808K, capacity 8266K, committed 8360K, reserved 1048576K
}
Event: 89.877 GC heap before
{Heap before GC invocations=13 (full 3):
 PSYoungGen      total 465920K, used 444928K [0x000000076ab00000, 0x0000000794880000, 0x00000007c0000000)
  eden space 444928K, 100% used [0x000000076ab00000,0x0000000785d80000,0x0000000785d80000)
  from space 20992K, 0% used [0x0000000785d80000,0x0000000785d80000,0x0000000787200000)
  to   space 25600K, 0% used [0x0000000792f80000,0x0000000792f80000,0x0000000794880000)
 ParOldGen       total 98304K, used 36898K [0x00000006c0000000, 0x00000006c6000000, 0x000000076ab00000)
  object space 98304K, 37% used [0x00000006c0000000,0x00000006c24089e0,0x00000006c6000000)
 Metaspace       used 81930K, capacity 85540K, committed 85672K, reserved 1122304K
  class space    used 11118K, capacity 11909K, committed 11944K, reserved 1048576K
Event: 89.995 GC heap after
Heap after GC invocations=13 (full 3):
 PSYoungGen      total 646656K, used 25572K [0x000000076ab00000, 0x0000000794f80000, 0x00000007c0000000)
  eden space 621056K, 0% used [0x000000076ab00000,0x000000076ab00000,0x0000000790980000)
  from space 25600K, 99% used [0x0000000792f80000,0x0000000794879370,0x0000000794880000)
  to   space 35840K, 0% used [0x0000000790980000,0x0000000790980000,0x0000000792c80000)
 ParOldGen       total 98304K, used 53581K [0x00000006c0000000, 0x00000006c6000000, 0x000000076ab00000)
  object space 98304K, 54% used [0x00000006c0000000,0x00000006c3453448,0x00000006c6000000)
 Metaspace       used 81930K, capacity 85540K, committed 85672K, reserved 1122304K
  class space    used 11118K, capacity 11909K, committed 11944K, reserved 1048576K
}

