# JRE version: OpenJDK Runtime Environment (8.0_242-b01) (build 1.8.0_242-release-1644-b01)
# Java VM: OpenJDK 64-Bit Server VM (25.242-b01 mixed mode windows-amd64 compressed oops)
Heap:
 PSYoungGen      total 1288704K, used 11190K [0x000000076ab00000, 0x00000007bfb80000, 0x00000007c0000000)
  eden space 1277440K, 0% used [0x000000076ab00000,0x000000076ab00000,0x00000007b8a80000)
  from space 11264K, 99% used [0x00000007b8a80000,0x00000007b956d820,0x00000007b9580000)
  to   space 57856K, 0% used [0x00000007bc300000,0x00000007bc300000,0x00000007bfb80000)
 ParOldGen       total 1178624K, used 1121044K [0x00000006c0000000, 0x0000000707f00000, 0x000000076ab00000)
  object space 1178624K, 95% used [0x00000006c0000000,0x00000007046c5078,0x0000000707f00000)
 Metaspace       used 126275K, capacity 132488K, committed 132784K, reserved 1165312K
  class space    used 16428K, capacity 17773K, committed 17840K, reserved 1048576K
GC Heap History (10 events):
Event: 1283.041 GC heap after
Heap after GC invocations=20 (full 4):
 PSYoungGen      total 1141760K, used 31228K [0x000000076ab00000, 0x00000007b4e80000, 0x00000007c0000000)
  eden space 1110528K, 0% used [0x000000076ab00000,0x000000076ab00000,0x00000007ae780000)
  from space 31232K, 99% used [0x00000007b2580000,0x00000007b43ff348,0x00000007b4400000)
  to   space 52736K, 0% used [0x00000007ae780000,0x00000007ae780000,0x00000007b1b00000)
 ParOldGen       total 138752K, used 125512K [0x00000006c0000000, 0x00000006c8780000, 0x000000076ab00000)
  object space 138752K, 90% used [0x00000006c0000000,0x00000006c7a92360,0x00000006c8780000)
 Metaspace       used 111133K, capacity 116674K, committed 116784K, reserved 1150976K
  class space    used 14437K, capacity 15606K, committed 15664K, reserved 1048576K
}
Event: 1283.041 GC heap before
{Heap before GC invocations=21 (full 5):
 PSYoungGen      total 1141760K, used 31228K [0x000000076ab00000, 0x00000007b4e80000, 0x00000007c0000000)
  eden space 1110528K, 0% used [0x000000076ab00000,0x000000076ab00000,0x00000007ae780000)
  from space 31232K, 99% used [0x00000007b2580000,0x00000007b43ff348,0x00000007b4400000)
  to   space 52736K, 0% used [0x00000007ae780000,0x00000007ae780000,0x00000007b1b00000)
 ParOldGen       total 138752K, used 125512K [0x00000006c0000000, 0x00000006c8780000, 0x000000076ab00000)
  object space 138752K, 90% used [0x00000006c0000000,0x00000006c7a92360,0x00000006c8780000)
 Metaspace       used 111133K, capacity 116674K, committed 116784K, reserved 1150976K
  class space    used 14437K, capacity 15606K, committed 15664K, reserved 1048576K
Event: 1283.566 GC heap after
Heap after GC invocations=21 (full 5):
 PSYoungGen      total 1141760K, used 0K [0x000000076ab00000, 0x00000007b4e80000, 0x00000007c0000000)
  eden space 1110528K, 0% used [0x000000076ab00000,0x000000076ab00000,0x00000007ae780000)
  from space 31232K, 0% used [0x00000007b2580000,0x00000007b2580000,0x00000007b4400000)
  to   space 52736K, 0% used [0x00000007ae780000,0x00000007ae780000,0x00000007b1b00000)
 ParOldGen       total 196608K, used 112370K [0x00000006c0000000, 0x00000006cc000000, 0x000000076ab00000)
  object space 196608K, 57% used [0x00000006c0000000,0x00000006c6dbc9b8,0x00000006cc000000)
 Metaspace       used 111072K, capacity 116524K, committed 116784K, reserved 1150976K
  class space    used 14421K, capacity 15559K, committed 15664K, reserved 1048576K
}
Event: 1301.428 GC heap before
{Heap before GC invocations=22 (full 5):
 PSYoungGen      total 1141760K, used 1110528K [0x000000076ab00000, 0x00000007b4e80000, 0x00000007c0000000)
  eden space 1110528K, 100% used [0x000000076ab00000,0x00000007ae780000,0x00000007ae780000)
  from space 31232K, 0% used [0x00000007b2580000,0x00000007b2580000,0x00000007b4400000)
  to   space 52736K, 0% used [0x00000007ae780000,0x00000007ae780000,0x00000007b1b00000)
 ParOldGen       total 196608K, used 112370K [0x00000006c0000000, 0x00000006cc000000, 0x000000076ab00000)
  object space 196608K, 57% used [0x00000006c0000000,0x00000006c6dbc9b8,0x00000006cc000000)
 Metaspace       used 121995K, capacity 127958K, committed 128176K, reserved 1161216K
  class space    used 15988K, capacity 17254K, committed 17328K, reserved 1048576K
Event: 1301.541 GC heap after
Heap after GC invocations=22 (full 5):
 PSYoungGen      total 1163264K, used 50872K [0x000000076ab00000, 0x00000007c0000000, 0x00000007c0000000)
  eden space 1110528K, 0% used [0x000000076ab00000,0x000000076ab00000,0x00000007ae780000)
  from space 52736K, 96% used [0x00000007ae780000,0x00000007b192e3f8,0x00000007b1b00000)
  to   space 60928K, 0% used [0x00000007bc480000,0x00000007bc480000,0x00000007c0000000)
 ParOldGen       total 196608K, used 112378K [0x00000006c0000000, 0x00000006cc000000, 0x000000076ab00000)
  object space 196608K, 57% used [0x00000006c0000000,0x00000006c6dbe9b8,0x00000006cc000000)
 Metaspace       used 121995K, capacity 127958K, committed 128176K, reserved 1161216K
  class space    used 15988K, capacity 17254K, committed 17328K, reserved 1048576K
}
Event: 1309.625 GC heap before
{Heap before GC invocations=23 (full 5):
 PSYoungGen      total 1163264K, used 1161400K [0x000000076ab00000, 0x00000007c0000000, 0x00000007c0000000)
  eden space 1110528K, 100% used [0x000000076ab00000,0x00000007ae780000,0x00000007ae780000)
  from space 52736K, 96% used [0x00000007ae780000,0x00000007b192e3f8,0x00000007b1b00000)
  to   space 60928K, 0% used [0x00000007bc480000,0x00000007bc480000,0x00000007c0000000)
 ParOldGen       total 196608K, used 112378K [0x00000006c0000000, 0x00000006cc000000, 0x000000076ab00000)
  object space 196608K, 57% used [0x00000006c0000000,0x00000006c6dbe9b8,0x00000006cc000000)
 Metaspace       used 122062K, capacity 128028K, committed 128176K, reserved 1161216K
  class space    used 15989K, capacity 17255K, committed 17328K, reserved 1048576K
Event: 1309.729 GC heap after
Heap after GC invocations=23 (full 5):
 PSYoungGen      total 1338368K, used 28743K [0x000000076ab00000, 0x00000007c0000000, 0x00000007c0000000)
  eden space 1277440K, 0% used [0x000000076ab00000,0x000000076ab00000,0x00000007b8a80000)
  from space 60928K, 47% used [0x00000007bc480000,0x00000007be091e70,0x00000007c0000000)
  to   space 59392K, 0% used [0x00000007b8a80000,0x00000007b8a80000,0x00000007bc480000)
 ParOldGen       total 196608K, used 141104K [0x00000006c0000000, 0x00000006cc000000, 0x000000076ab00000)
  object space 196608K, 71% used [0x00000006c0000000,0x00000006c89cc3f8,0x00000006cc000000)
 Metaspace       used 122062K, capacity 128028K, committed 128176K, reserved 1161216K
  class space    used 15989K, capacity 17255K, committed 17328K, reserved 1048576K
}
Event: 1374.832 GC heap before
{Heap before GC invocations=24 (full 5):
 PSYoungGen      total 1338368K, used 1306183K [0x000000076ab00000, 0x00000007c0000000, 0x00000007c0000000)
  eden space 1277440K, 100% used [0x000000076ab00000,0x00000007b8a80000,0x00000007b8a80000)
  from space 60928K, 47% used [0x00000007bc480000,0x00000007be091e70,0x00000007c0000000)
  to   space 59392K, 0% used [0x00000007b8a80000,0x00000007b8a80000,0x00000007bc480000)
 ParOldGen       total 196608K, used 141132K [0x00000006c0000000, 0x00000006cc000000, 0x000000076ab00000)
  object space 196608K, 71% used [0x00000006c0000000,0x00000006c89d3008,0x00000006cc000000)
 Metaspace       used 126275K, capacity 132488K, committed 132784K, reserved 1165312K
  class space    used 16428K, capacity 17773K, committed 17840K, reserved 1048576K
Event: 1376.204 GC heap after
Heap after GC invocations=24 (full 5):
 PSYoungGen      total 1288704K, used 11190K [0x000000076ab00000, 0x00000007bfb80000, 0x00000007c0000000)
  eden space 1277440K, 0% used [0x000000076ab00000,0x000000076ab00000,0x00000007b8a80000)
  from space 11264K, 99% used [0x00000007b8a80000,0x00000007b956d820,0x00000007b9580000)
  to   space 57856K, 0% used [0x00000007bc300000,0x00000007bc300000,0x00000007bfb80000)
 ParOldGen       total 1178624K, used 1121044K [0x00000006c0000000, 0x0000000707f00000, 0x000000076ab00000)
  object space 1178624K, 95% used [0x00000006c0000000,0x00000007046c5078,0x0000000707f00000)
 Metaspace       used 126275K, capacity 132488K, committed 132784K, reserved 1165312K
  class space    used 16428K, capacity 17773K, committed 17840K, reserved 1048576K
}
Event: 1376.204 GC heap before
{Heap before GC invocations=25 (full 6):
 PSYoungGen      total 1288704K, used 11190K [0x000000076ab00000, 0x00000007bfb80000, 0x00000007c0000000)
  eden space 1277440K, 0% used [0x000000076ab00000,0x000000076ab00000,0x00000007b8a80000)
  from space 11264K, 99% used [0x00000007b8a80000,0x00000007b956d820,0x00000007b9580000)
  to   space 57856K, 0% used [0x00000007bc300000,0x00000007bc300000,0x00000007bfb80000)
 ParOldGen       total 1178624K, used 1121044K [0x00000006c0000000, 0x0000000707f00000, 0x000000076ab00000)
  object space 1178624K, 95% used [0x00000006c0000000,0x00000007046c5078,0x0000000707f00000)
 Metaspace       used 126275K, capacity 132488K, committed 132784K, reserved 1165312K
  class space    used 16428K, capacity 17773K, committed 17840K, reserved 1048576K

